<?xml version="1.0" encoding="UTF-8"?>
<!-- Generated by org.testng.reporters.JUnitReportReporter -->
<testsuite skipped="0" hostname="Nagesh-24731" name="Testbase.Base" tests="1" failures="0" timestamp="2021-07-28T11:14:11 IST" time="0.015" errors="0">
  <testcase name="test" time="0.015" classname="Testbase.Base"/>
  <system-out/>
</testsuite> <!-- Testbase.Base -->
