<?xml version="1.0" encoding="UTF-8"?>
<!-- Generated by org.testng.reporters.JUnitReportReporter -->
<testsuite skipped="0" hostname="Nagesh-24731" name="com.venky.Testcases.Logintest" tests="1" failures="0" timestamp="2021-07-31T13:40:45 IST" time="3.630" errors="0">
  <testcase name="LoginAsBankmanger" time="3.630" classname="com.venky.Testcases.Logintest"/>
  <system-out/>
</testsuite> <!-- com.venky.Testcases.Logintest -->
